INFO:root:These are the spectra 27
INFO:root:These are the wetchem 27
INFO:rpy2.rinterface_lib.embedded:Embedded R ended.
INFO:rpy2.rinterface_lib.embedded:Embedded R already ended.
INFO:rpy2.rinterface_lib.embedded:Embedded R ended.
INFO:rpy2.rinterface_lib.embedded:Embedded R already ended.
INFO:rpy2.rinterface_lib.embedded:Embedded R ended.
INFO:rpy2.rinterface_lib.embedded:Embedded R already ended.
INFO:rpy2.rinterface_lib.embedded:Embedded R ended.
INFO:rpy2.rinterface_lib.embedded:Embedded R already ended.
ERROR:root:Not enough spectra for modelling
INFO:root:[Errno 17] File exists: 'inputFiles/models_in_production/v2.4/splits'
INFO:root:[Errno 17] File exists: '/home/tom/DSML125/MSSC_DVC/model'
INFO:root:These are the spectra 0
INFO:root:These are the wetchem 0
INFO:rpy2.rinterface_lib.embedded:Embedded R ended.
INFO:rpy2.rinterface_lib.embedded:Embedded R already ended.
ERROR:root:Not enough spectra for modelling
INFO:root:[Errno 17] File exists: 'inputFiles/models_in_production/v2.4/splits'
INFO:root:[Errno 17] File exists: '/home/tom/DSML125/MSSC_DVC/model'
INFO:root:These are the spectra 0
INFO:root:These are the wetchem 0
INFO:rpy2.rinterface_lib.embedded:Embedded R ended.
INFO:rpy2.rinterface_lib.embedded:Embedded R already ended.
INFO:rpy2.rinterface_lib.embedded:Embedded R ended.
INFO:rpy2.rinterface_lib.embedded:Embedded R already ended.
INFO:rpy2.rinterface_lib.embedded:Embedded R ended.
INFO:rpy2.rinterface_lib.embedded:Embedded R already ended.
INFO:rpy2.rinterface_lib.embedded:Embedded R ended.
INFO:rpy2.rinterface_lib.embedded:Embedded R already ended.
INFO:rpy2.rinterface_lib.embedded:Embedded R ended.
INFO:rpy2.rinterface_lib.embedded:Embedded R already ended.
INFO:rpy2.rinterface_lib.embedded:Embedded R ended.
INFO:rpy2.rinterface_lib.embedded:Embedded R already ended.
INFO:rpy2.rinterface_lib.embedded:Embedded R ended.
INFO:rpy2.rinterface_lib.embedded:Embedded R already ended.
INFO:rpy2.rinterface_lib.embedded:Embedded R ended.
INFO:rpy2.rinterface_lib.embedded:Embedded R already ended.
INFO:rpy2.rinterface_lib.embedded:Embedded R ended.
INFO:rpy2.rinterface_lib.embedded:Embedded R already ended.
INFO:rpy2.rinterface_lib.embedded:Embedded R ended.
INFO:rpy2.rinterface_lib.embedded:Embedded R already ended.
INFO:rpy2.rinterface_lib.embedded:Embedded R ended.
INFO:rpy2.rinterface_lib.embedded:Embedded R already ended.
INFO:rpy2.rinterface_lib.embedded:Embedded R ended.
INFO:rpy2.rinterface_lib.embedded:Embedded R already ended.
INFO:rpy2.rinterface_lib.embedded:Embedded R ended.
INFO:rpy2.rinterface_lib.embedded:Embedded R already ended.
INFO:rpy2.rinterface_lib.embedded:Embedded R ended.
INFO:rpy2.rinterface_lib.embedded:Embedded R already ended.
INFO:rpy2.rinterface_lib.embedded:Embedded R ended.
INFO:rpy2.rinterface_lib.embedded:Embedded R already ended.
INFO:rpy2.rinterface_lib.embedded:Embedded R ended.
INFO:rpy2.rinterface_lib.embedded:Embedded R already ended.
INFO:rpy2.rinterface_lib.embedded:Embedded R ended.
INFO:rpy2.rinterface_lib.embedded:Embedded R already ended.
INFO:rpy2.rinterface_lib.embedded:Embedded R ended.
INFO:rpy2.rinterface_lib.embedded:Embedded R already ended.
INFO:rpy2.rinterface_lib.embedded:Embedded R ended.
INFO:rpy2.rinterface_lib.embedded:Embedded R already ended.
INFO:rpy2.rinterface_lib.embedded:Embedded R ended.
INFO:rpy2.rinterface_lib.embedded:Embedded R already ended.
INFO:rpy2.rinterface_lib.embedded:Embedded R ended.
INFO:rpy2.rinterface_lib.embedded:Embedded R already ended.
INFO:rpy2.rinterface_lib.embedded:Embedded R ended.
INFO:rpy2.rinterface_lib.embedded:Embedded R already ended.
INFO:rpy2.rinterface_lib.embedded:Embedded R ended.
INFO:rpy2.rinterface_lib.embedded:Embedded R already ended.
INFO:rpy2.rinterface_lib.embedded:Embedded R ended.
INFO:rpy2.rinterface_lib.embedded:Embedded R already ended.
INFO:rpy2.rinterface_lib.embedded:Embedded R ended.
INFO:rpy2.rinterface_lib.embedded:Embedded R already ended.
INFO:rpy2.rinterface_lib.embedded:Embedded R ended.
INFO:rpy2.rinterface_lib.embedded:Embedded R already ended.
INFO:rpy2.rinterface_lib.embedded:Embedded R ended.
INFO:rpy2.rinterface_lib.embedded:Embedded R already ended.
INFO:rpy2.rinterface_lib.embedded:Embedded R ended.
INFO:rpy2.rinterface_lib.embedded:Embedded R already ended.
INFO:rpy2.rinterface_lib.embedded:Embedded R ended.
INFO:rpy2.rinterface_lib.embedded:Embedded R already ended.
INFO:rpy2.rinterface_lib.embedded:Embedded R ended.
INFO:rpy2.rinterface_lib.embedded:Embedded R already ended.
INFO:rpy2.rinterface_lib.embedded:Embedded R ended.
INFO:rpy2.rinterface_lib.embedded:Embedded R already ended.
INFO:rpy2.rinterface_lib.embedded:Embedded R ended.
INFO:rpy2.rinterface_lib.embedded:Embedded R already ended.
INFO:rpy2.rinterface_lib.embedded:Embedded R ended.
INFO:rpy2.rinterface_lib.embedded:Embedded R already ended.
INFO:rpy2.rinterface_lib.embedded:Embedded R ended.
INFO:rpy2.rinterface_lib.embedded:Embedded R already ended.
INFO:rpy2.rinterface_lib.embedded:Embedded R ended.
INFO:rpy2.rinterface_lib.embedded:Embedded R already ended.
INFO:rpy2.rinterface_lib.embedded:Embedded R ended.
INFO:rpy2.rinterface_lib.embedded:Embedded R already ended.
INFO:rpy2.rinterface_lib.embedded:Embedded R ended.
INFO:rpy2.rinterface_lib.embedded:Embedded R already ended.
INFO:rpy2.rinterface_lib.embedded:Embedded R ended.
INFO:rpy2.rinterface_lib.embedded:Embedded R already ended.
INFO:rpy2.rinterface_lib.embedded:Embedded R ended.
INFO:rpy2.rinterface_lib.embedded:Embedded R already ended.
INFO:rpy2.rinterface_lib.embedded:Embedded R ended.
INFO:rpy2.rinterface_lib.embedded:Embedded R already ended.
INFO:rpy2.rinterface_lib.embedded:Embedded R ended.
INFO:rpy2.rinterface_lib.embedded:Embedded R already ended.
INFO:rpy2.rinterface_lib.embedded:Embedded R ended.
INFO:rpy2.rinterface_lib.embedded:Embedded R already ended.
INFO:rpy2.rinterface_lib.embedded:Embedded R ended.
INFO:rpy2.rinterface_lib.embedded:Embedded R already ended.
INFO:rpy2.rinterface_lib.embedded:Embedded R ended.
INFO:rpy2.rinterface_lib.embedded:Embedded R already ended.
INFO:rpy2.rinterface_lib.embedded:Embedded R ended.
INFO:rpy2.rinterface_lib.embedded:Embedded R already ended.
INFO:rpy2.rinterface_lib.embedded:Embedded R ended.
INFO:rpy2.rinterface_lib.embedded:Embedded R already ended.
INFO:rpy2.rinterface_lib.embedded:Embedded R ended.
INFO:rpy2.rinterface_lib.embedded:Embedded R already ended.
INFO:rpy2.rinterface_lib.embedded:Embedded R ended.
INFO:rpy2.rinterface_lib.embedded:Embedded R already ended.
INFO:rpy2.rinterface_lib.embedded:Embedded R ended.
INFO:rpy2.rinterface_lib.embedded:Embedded R already ended.
INFO:rpy2.rinterface_lib.embedded:Embedded R ended.
INFO:rpy2.rinterface_lib.embedded:Embedded R already ended.
INFO:rpy2.rinterface_lib.embedded:Embedded R ended.
INFO:rpy2.rinterface_lib.embedded:Embedded R already ended.
INFO:rpy2.rinterface_lib.embedded:Embedded R ended.
INFO:rpy2.rinterface_lib.embedded:Embedded R already ended.
INFO:rpy2.rinterface_lib.embedded:Embedded R ended.
INFO:rpy2.rinterface_lib.embedded:Embedded R already ended.
INFO:rpy2.rinterface_lib.embedded:Embedded R ended.
INFO:rpy2.rinterface_lib.embedded:Embedded R already ended.
INFO:rpy2.rinterface_lib.embedded:Embedded R ended.
INFO:rpy2.rinterface_lib.embedded:Embedded R already ended.
INFO:rpy2.rinterface_lib.embedded:Embedded R ended.
INFO:rpy2.rinterface_lib.embedded:Embedded R already ended.
INFO:rpy2.rinterface_lib.embedded:Embedded R ended.
INFO:rpy2.rinterface_lib.embedded:Embedded R already ended.
ERROR:root:Not enough spectra for modelling
INFO:root:[Errno 17] File exists: 'inputFiles/models_in_production/v2.4/splits'
INFO:root:[Errno 17] File exists: '/home/tom/DSML125/MSSC_DVC/model'
INFO:root:These are the spectra 0
INFO:root:These are the wetchem 0
INFO:rpy2.rinterface_lib.embedded:Embedded R ended.
INFO:rpy2.rinterface_lib.embedded:Embedded R already ended.
ERROR:root:Not enough spectra for modelling
INFO:root:[Errno 17] File exists: 'inputFiles/models_in_production/v2.4/splits'
INFO:root:[Errno 17] File exists: '/home/tom/DSML125/MSSC_DVC/model'
INFO:root:These are the spectra 0
INFO:root:These are the wetchem 0
INFO:rpy2.rinterface_lib.embedded:Embedded R ended.
INFO:rpy2.rinterface_lib.embedded:Embedded R already ended.
ERROR:root:Not enough spectra for modelling
INFO:root:[Errno 17] File exists: 'inputFiles/models_in_production/v2.4/splits'
INFO:root:[Errno 17] File exists: '/home/tom/DSML125/MSSC_DVC/model'
INFO:root:These are the spectra 0
INFO:root:These are the wetchem 0
INFO:rpy2.rinterface_lib.embedded:Embedded R ended.
INFO:rpy2.rinterface_lib.embedded:Embedded R already ended.
ERROR:root:Not enough spectra for modelling
INFO:root:[Errno 17] File exists: 'inputFiles/models_in_production/v2.4/splits'
INFO:root:[Errno 17] File exists: '/home/tom/DSML125/MSSC_DVC/model'
INFO:root:These are the spectra 0
INFO:root:These are the wetchem 0
INFO:rpy2.rinterface_lib.embedded:Embedded R ended.
INFO:rpy2.rinterface_lib.embedded:Embedded R already ended.
ERROR:root:Not enough spectra for modelling
INFO:root:[Errno 17] File exists: 'inputFiles/models_in_production/v2.4/splits'
INFO:root:[Errno 17] File exists: '/home/tom/DSML125/MSSC_DVC/model'
INFO:root:These are the spectra 0
INFO:root:These are the wetchem 0
INFO:rpy2.rinterface_lib.embedded:Embedded R ended.
INFO:rpy2.rinterface_lib.embedded:Embedded R already ended.
ERROR:root:Not enough spectra for modelling
INFO:root:[Errno 17] File exists: 'inputFiles/models_in_production/v2.4/splits'
INFO:root:[Errno 17] File exists: '/home/tom/DSML125/MSSC_DVC/model'
INFO:root:These are the spectra 0
INFO:root:These are the wetchem 0
INFO:rpy2.rinterface_lib.embedded:Embedded R ended.
INFO:rpy2.rinterface_lib.embedded:Embedded R already ended.
ERROR:root:Not enough spectra for modelling
INFO:root:[Errno 17] File exists: 'inputFiles/models_in_production/v2.4/splits'
INFO:root:[Errno 17] File exists: '/home/tom/DSML125/MSSC_DVC/model'
INFO:root:These are the spectra 0
INFO:root:These are the wetchem 0
INFO:rpy2.rinterface_lib.embedded:Embedded R ended.
INFO:rpy2.rinterface_lib.embedded:Embedded R already ended.
INFO:root:[Errno 17] File exists: 'inputFiles/models_in_production/v2.4/splits'
INFO:root:[Errno 17] File exists: '/home/tom/DSML125/MSSC_DVC/model'
INFO:root:These are the spectra 844
INFO:root:These are the wetchem 844
INFO:rpy2.rinterface_lib.embedded:Embedded R ended.
INFO:rpy2.rinterface_lib.embedded:Embedded R already ended.
INFO:root:[Errno 17] File exists: 'inputFiles/models_in_production/v2.4/splits'
INFO:root:[Errno 17] File exists: '/home/tom/DSML125/MSSC_DVC/model'
INFO:root:These are the spectra 844
INFO:root:These are the wetchem 844
INFO:rpy2.rinterface_lib.embedded:Embedded R ended.
INFO:rpy2.rinterface_lib.embedded:Embedded R already ended.
INFO:root:[Errno 17] File exists: 'inputFiles/models_in_production/v2.4/splits'
INFO:root:[Errno 17] File exists: '/home/tom/DSML125/MSSC_DVC/model'
INFO:root:These are the spectra 844
INFO:root:These are the wetchem 844
INFO:rpy2.rinterface_lib.embedded:Embedded R ended.
INFO:rpy2.rinterface_lib.embedded:Embedded R already ended.
INFO:root:[Errno 17] File exists: 'inputFiles/models_in_production/v2.4/splits'
INFO:root:[Errno 17] File exists: '/home/tom/DSML125/MSSC_DVC/model'
INFO:root:These are the spectra 844
INFO:root:These are the wetchem 844
INFO:rpy2.rinterface_lib.embedded:Embedded R ended.
INFO:rpy2.rinterface_lib.embedded:Embedded R already ended.
INFO:rpy2.rinterface_lib.embedded:Embedded R ended.
INFO:rpy2.rinterface_lib.embedded:Embedded R already ended.
INFO:rpy2.rinterface_lib.embedded:Embedded R ended.
INFO:rpy2.rinterface_lib.embedded:Embedded R already ended.
INFO:rpy2.rinterface_lib.embedded:Embedded R ended.
INFO:rpy2.rinterface_lib.embedded:Embedded R already ended.
INFO:rpy2.rinterface_lib.embedded:Embedded R ended.
INFO:rpy2.rinterface_lib.embedded:Embedded R already ended.
INFO:rpy2.rinterface_lib.embedded:Embedded R ended.
INFO:rpy2.rinterface_lib.embedded:Embedded R already ended.
INFO:rpy2.rinterface_lib.embedded:Embedded R ended.
INFO:rpy2.rinterface_lib.embedded:Embedded R already ended.
INFO:rpy2.rinterface_lib.embedded:Embedded R ended.
INFO:rpy2.rinterface_lib.embedded:Embedded R already ended.
INFO:rpy2.rinterface_lib.embedded:Embedded R ended.
INFO:rpy2.rinterface_lib.embedded:Embedded R already ended.
INFO:rpy2.rinterface_lib.embedded:Embedded R ended.
INFO:rpy2.rinterface_lib.embedded:Embedded R already ended.
INFO:rpy2.rinterface_lib.embedded:Embedded R ended.
INFO:rpy2.rinterface_lib.embedded:Embedded R already ended.
INFO:rpy2.rinterface_lib.embedded:Embedded R ended.
INFO:rpy2.rinterface_lib.embedded:Embedded R already ended.
INFO:rpy2.rinterface_lib.embedded:Embedded R ended.
INFO:rpy2.rinterface_lib.embedded:Embedded R already ended.
INFO:rpy2.rinterface_lib.embedded:Embedded R ended.
INFO:rpy2.rinterface_lib.embedded:Embedded R already ended.
INFO:root:[Errno 17] File exists: 'inputFiles/models_in_production/v2.4/splits'
INFO:root:[Errno 17] File exists: '/home/tom/DSML125/MSSC_DVC/model'
INFO:root:These are the spectra 305
INFO:root:These are the wetchem 305
INFO:rpy2.rinterface_lib.embedded:Embedded R ended.
INFO:rpy2.rinterface_lib.embedded:Embedded R already ended.
INFO:rpy2.rinterface_lib.embedded:Embedded R ended.
INFO:rpy2.rinterface_lib.embedded:Embedded R already ended.
INFO:rpy2.rinterface_lib.embedded:Embedded R ended.
INFO:rpy2.rinterface_lib.embedded:Embedded R already ended.
INFO:rpy2.rinterface_lib.embedded:Embedded R ended.
INFO:rpy2.rinterface_lib.embedded:Embedded R already ended.
INFO:rpy2.rinterface_lib.embedded:Embedded R ended.
INFO:rpy2.rinterface_lib.embedded:Embedded R already ended.
INFO:rpy2.rinterface_lib.embedded:Embedded R ended.
INFO:rpy2.rinterface_lib.embedded:Embedded R already ended.
INFO:rpy2.rinterface_lib.embedded:Embedded R ended.
INFO:rpy2.rinterface_lib.embedded:Embedded R already ended.
INFO:rpy2.rinterface_lib.embedded:Embedded R ended.
INFO:rpy2.rinterface_lib.embedded:Embedded R already ended.
INFO:rpy2.rinterface_lib.embedded:Embedded R ended.
INFO:rpy2.rinterface_lib.embedded:Embedded R already ended.
INFO:rpy2.rinterface_lib.embedded:Embedded R ended.
INFO:rpy2.rinterface_lib.embedded:Embedded R already ended.
INFO:root:[Errno 17] File exists: 'inputFiles/models_in_production/v2.4/splits'
INFO:root:[Errno 17] File exists: '/home/tom/DSML125/MSSC_DVC/model'
INFO:root:These are the spectra 302
INFO:root:These are the wetchem 302
INFO:rpy2.rinterface_lib.embedded:Embedded R ended.
INFO:rpy2.rinterface_lib.embedded:Embedded R already ended.
INFO:rpy2.rinterface_lib.embedded:Embedded R ended.
INFO:rpy2.rinterface_lib.embedded:Embedded R already ended.
INFO:rpy2.rinterface_lib.embedded:Embedded R ended.
INFO:rpy2.rinterface_lib.embedded:Embedded R already ended.
INFO:rpy2.rinterface_lib.embedded:Embedded R ended.
INFO:rpy2.rinterface_lib.embedded:Embedded R already ended.
INFO:rpy2.rinterface_lib.embedded:Embedded R ended.
INFO:rpy2.rinterface_lib.embedded:Embedded R already ended.
INFO:rpy2.rinterface_lib.embedded:Embedded R ended.
INFO:rpy2.rinterface_lib.embedded:Embedded R already ended.
INFO:rpy2.rinterface_lib.embedded:Embedded R ended.
INFO:rpy2.rinterface_lib.embedded:Embedded R already ended.
INFO:rpy2.rinterface_lib.embedded:Embedded R ended.
INFO:rpy2.rinterface_lib.embedded:Embedded R already ended.
INFO:rpy2.rinterface_lib.embedded:Embedded R ended.
INFO:rpy2.rinterface_lib.embedded:Embedded R already ended.
INFO:rpy2.rinterface_lib.embedded:Embedded R ended.
INFO:rpy2.rinterface_lib.embedded:Embedded R already ended.
INFO:rpy2.rinterface_lib.embedded:Embedded R ended.
INFO:rpy2.rinterface_lib.embedded:Embedded R already ended.
INFO:rpy2.rinterface_lib.embedded:Embedded R ended.
INFO:rpy2.rinterface_lib.embedded:Embedded R already ended.
INFO:rpy2.rinterface_lib.embedded:Embedded R ended.
INFO:rpy2.rinterface_lib.embedded:Embedded R already ended.
INFO:rpy2.rinterface_lib.embedded:Embedded R ended.
INFO:rpy2.rinterface_lib.embedded:Embedded R already ended.
INFO:rpy2.rinterface_lib.embedded:Embedded R ended.
INFO:rpy2.rinterface_lib.embedded:Embedded R already ended.
INFO:rpy2.rinterface_lib.embedded:Embedded R ended.
INFO:rpy2.rinterface_lib.embedded:Embedded R already ended.
INFO:rpy2.rinterface_lib.embedded:Embedded R ended.
INFO:rpy2.rinterface_lib.embedded:Embedded R already ended.
INFO:rpy2.rinterface_lib.embedded:Embedded R ended.
INFO:rpy2.rinterface_lib.embedded:Embedded R already ended.
INFO:rpy2.rinterface_lib.embedded:Embedded R ended.
INFO:rpy2.rinterface_lib.embedded:Embedded R already ended.
INFO:rpy2.rinterface_lib.embedded:Embedded R ended.
INFO:rpy2.rinterface_lib.embedded:Embedded R already ended.
INFO:rpy2.rinterface_lib.embedded:Embedded R ended.
INFO:rpy2.rinterface_lib.embedded:Embedded R already ended.
INFO:root:[Errno 17] File exists: 'inputFiles/models_in_production/v2.4/splits'
INFO:root:[Errno 17] File exists: '/home/tom/DSML125/MSSC_DVC/model'
INFO:root:These are the spectra 500
INFO:root:These are the wetchem 500
INFO:rpy2.rinterface_lib.embedded:Embedded R ended.
INFO:rpy2.rinterface_lib.embedded:Embedded R already ended.
INFO:rpy2.rinterface_lib.embedded:Embedded R ended.
INFO:rpy2.rinterface_lib.embedded:Embedded R already ended.
INFO:rpy2.rinterface_lib.embedded:Embedded R ended.
INFO:rpy2.rinterface_lib.embedded:Embedded R already ended.
INFO:root:[Errno 17] File exists: 'inputFiles/models_in_production/v2.4/splits'
INFO:root:[Errno 17] File exists: '/home/tom/DSML125/MSSC_DVC/model'
INFO:root:These are the spectra 10067
INFO:root:These are the wetchem 10020
INFO:rpy2.rinterface_lib.embedded:Embedded R ended.
INFO:rpy2.rinterface_lib.embedded:Embedded R already ended.
INFO:root:[Errno 17] File exists: 'inputFiles/models_in_production/v2.4/splits'
INFO:root:[Errno 17] File exists: 'outputFiles/splits'
INFO:root:[Errno 17] File exists: 'MSSC_DVC/spc'
INFO:root:[Errno 17] File exists: 'MSSC_DVC/wetchem'
INFO:root:[Errno 17] File exists: 'MSSC_DVC/splits'
INFO:root:[Errno 17] File exists: '/home/tom/DSML125/MSSC_DVC/model'
INFO:root:These are the spectra 10067
INFO:root:These are the wetchem 10020
INFO:rpy2.rinterface_lib.embedded:Embedded R ended.
INFO:rpy2.rinterface_lib.embedded:Embedded R already ended.
INFO:root:[Errno 17] File exists: 'inputFiles/models_in_production/v2.4/splits'
INFO:root:[Errno 17] File exists: 'MSSC_DVC/spc'
INFO:root:[Errno 17] File exists: 'MSSC_DVC/wetchem'
INFO:root:[Errno 17] File exists: 'MSSC_DVC/splits'
INFO:root:[Errno 17] File exists: '/home/tom/DSML125/MSSC_DVC/model'
INFO:root:These are the spectra 10067
INFO:root:These are the wetchem 10020
INFO:rpy2.rinterface_lib.embedded:Embedded R ended.
INFO:rpy2.rinterface_lib.embedded:Embedded R already ended.
INFO:rpy2.rinterface_lib.embedded:Embedded R ended.
INFO:rpy2.rinterface_lib.embedded:Embedded R already ended.
INFO:rpy2.rinterface_lib.embedded:Embedded R ended.
INFO:rpy2.rinterface_lib.embedded:Embedded R already ended.
INFO:rpy2.rinterface_lib.embedded:Embedded R ended.
INFO:rpy2.rinterface_lib.embedded:Embedded R already ended.
INFO:rpy2.rinterface_lib.embedded:Embedded R ended.
INFO:rpy2.rinterface_lib.embedded:Embedded R already ended.
INFO:rpy2.rinterface_lib.embedded:Embedded R ended.
INFO:rpy2.rinterface_lib.embedded:Embedded R already ended.
INFO:rpy2.rinterface_lib.embedded:Embedded R ended.
INFO:rpy2.rinterface_lib.embedded:Embedded R already ended.
INFO:rpy2.rinterface_lib.embedded:Embedded R ended.
INFO:rpy2.rinterface_lib.embedded:Embedded R already ended.
INFO:rpy2.rinterface_lib.embedded:Embedded R ended.
INFO:rpy2.rinterface_lib.embedded:Embedded R already ended.
INFO:rpy2.rinterface_lib.embedded:Embedded R ended.
INFO:rpy2.rinterface_lib.embedded:Embedded R already ended.
INFO:rpy2.rinterface_lib.embedded:Embedded R ended.
INFO:rpy2.rinterface_lib.embedded:Embedded R ended.
INFO:rpy2.rinterface_lib.embedded:Embedded R already ended.
INFO:rpy2.rinterface_lib.embedded:Embedded R ended.
INFO:rpy2.rinterface_lib.embedded:Embedded R already ended.
INFO:rpy2.rinterface_lib.embedded:Embedded R ended.
INFO:rpy2.rinterface_lib.embedded:Embedded R already ended.
INFO:rpy2.rinterface_lib.embedded:Embedded R ended.
INFO:rpy2.rinterface_lib.embedded:Embedded R already ended.
INFO:rpy2.rinterface_lib.embedded:Embedded R ended.
INFO:rpy2.rinterface_lib.embedded:Embedded R already ended.
INFO:rpy2.rinterface_lib.embedded:Embedded R ended.
INFO:rpy2.rinterface_lib.embedded:Embedded R already ended.
INFO:rpy2.rinterface_lib.embedded:Embedded R ended.
INFO:rpy2.rinterface_lib.embedded:Embedded R already ended.
INFO:rpy2.rinterface_lib.embedded:Embedded R ended.
INFO:rpy2.rinterface_lib.embedded:Embedded R already ended.
INFO:rpy2.rinterface_lib.embedded:Embedded R ended.
INFO:rpy2.rinterface_lib.embedded:Embedded R already ended.
INFO:rpy2.rinterface_lib.embedded:Embedded R ended.
INFO:rpy2.rinterface_lib.embedded:Embedded R already ended.
INFO:root:[Errno 17] File exists: '/home/tom/DSML125/inputFiles/models_in_production/v2.4/splits'
INFO:root:[Errno 17] File exists: '/home/tom/DSML125/MSSC_DVC/model'
INFO:root:These are the spectra 10020
INFO:root:These are the wetchem 10020
INFO:rpy2.rinterface_lib.embedded:Embedded R ended.
INFO:rpy2.rinterface_lib.embedded:Embedded R already ended.
INFO:rpy2.rinterface_lib.embedded:Embedded R ended.
INFO:rpy2.rinterface_lib.embedded:Embedded R already ended.
INFO:rpy2.rinterface_lib.embedded:Embedded R ended.
INFO:rpy2.rinterface_lib.embedded:Embedded R already ended.
INFO:rpy2.rinterface_lib.embedded:Embedded R ended.
INFO:rpy2.rinterface_lib.embedded:Embedded R already ended.
INFO:rpy2.rinterface_lib.embedded:Embedded R ended.
INFO:rpy2.rinterface_lib.embedded:Embedded R already ended.
INFO:rpy2.rinterface_lib.embedded:Embedded R ended.
INFO:rpy2.rinterface_lib.embedded:Embedded R already ended.
INFO:rpy2.rinterface_lib.embedded:Embedded R ended.
INFO:rpy2.rinterface_lib.embedded:Embedded R already ended.
INFO:rpy2.rinterface_lib.embedded:Embedded R ended.
INFO:rpy2.rinterface_lib.embedded:Embedded R already ended.
INFO:rpy2.rinterface_lib.embedded:Embedded R ended.
INFO:rpy2.rinterface_lib.embedded:Embedded R already ended.
INFO:rpy2.rinterface_lib.embedded:Embedded R ended.
INFO:rpy2.rinterface_lib.embedded:Embedded R already ended.
INFO:root:[Errno 17] File exists: '/home/tom/DSML125/inputFiles/models_in_production/v2.4/splits'
INFO:root:[Errno 17] File exists: '/home/tom/DSML125/MSSC_DVC/model'
INFO:root:These are the spectra 19325
INFO:root:These are the wetchem 19325
INFO:rpy2.rinterface_lib.embedded:Embedded R ended.
INFO:rpy2.rinterface_lib.embedded:Embedded R already ended.
INFO:root:[Errno 17] File exists: '/home/tom/DSML125/inputFiles/models_in_production/v2.4/splits'
INFO:root:[Errno 17] File exists: '/home/tom/DSML125/MSSC_DVC/model'
INFO:root:These are the spectra 19325
INFO:root:These are the wetchem 19325
INFO:rpy2.rinterface_lib.embedded:Embedded R ended.
INFO:rpy2.rinterface_lib.embedded:Embedded R already ended.
INFO:rpy2.rinterface_lib.embedded:Embedded R ended.
INFO:rpy2.rinterface_lib.embedded:Embedded R already ended.
INFO:rpy2.rinterface_lib.embedded:Embedded R ended.
INFO:rpy2.rinterface_lib.embedded:Embedded R already ended.
INFO:rpy2.rinterface_lib.embedded:Embedded R ended.
INFO:rpy2.rinterface_lib.embedded:Embedded R already ended.
INFO:rpy2.rinterface_lib.embedded:Embedded R ended.
INFO:rpy2.rinterface_lib.embedded:Embedded R already ended.
INFO:rpy2.rinterface_lib.embedded:Embedded R ended.
INFO:rpy2.rinterface_lib.embedded:Embedded R already ended.
INFO:rpy2.rinterface_lib.embedded:Embedded R ended.
INFO:rpy2.rinterface_lib.embedded:Embedded R already ended.
INFO:root:[Errno 17] File exists: '/home/tom/DSML125/inputFiles/models_in_production/v2.4/splits'
INFO:root:[Errno 17] File exists: '/home/tom/DSML125/MSSC_DVC/model'
INFO:root:These are the spectra 19325
INFO:root:These are the wetchem 19325
INFO:rpy2.rinterface_lib.embedded:Embedded R ended.
INFO:rpy2.rinterface_lib.embedded:Embedded R already ended.
INFO:root:[Errno 17] File exists: '/home/tom/DSML125/inputFiles/models_in_production/v2.4/splits'
INFO:root:[Errno 17] File exists: '/home/tom/DSML125/MSSC_DVC/spc'
INFO:root:[Errno 17] File exists: '/home/tom/DSML125/MSSC_DVC/wetchem'
INFO:root:[Errno 17] File exists: '/home/tom/DSML125/MSSC_DVC/splits'
INFO:root:[Errno 17] File exists: '/home/tom/DSML125/MSSC_DVC/model'
INFO:root:These are the spectra 19325
INFO:root:These are the wetchem 19325
INFO:rpy2.rinterface_lib.embedded:Embedded R ended.
INFO:rpy2.rinterface_lib.embedded:Embedded R already ended.
INFO:rpy2.rinterface_lib.embedded:Embedded R ended.
INFO:rpy2.rinterface_lib.embedded:Embedded R already ended.
INFO:root:[Errno 17] File exists: '/home/tom/DSML125/inputFiles/models_in_production/v2.4/splits'
INFO:root:[Errno 17] File exists: '/home/tom/DSML125/MSSC_DVC/spc'
INFO:root:[Errno 17] File exists: '/home/tom/DSML125/MSSC_DVC/wetchem'
INFO:root:[Errno 17] File exists: '/home/tom/DSML125/MSSC_DVC/splits'
INFO:root:[Errno 17] File exists: '/home/tom/DSML125/MSSC_DVC/model'
INFO:root:These are the spectra 19325
INFO:root:These are the wetchem 19325
INFO:rpy2.rinterface_lib.embedded:Embedded R ended.
INFO:rpy2.rinterface_lib.embedded:Embedded R already ended.
INFO:root:[Errno 17] File exists: '/home/tom/DSML125/inputFiles/models_in_production/v2.4/splits'
INFO:root:[Errno 17] File exists: '/home/tom/DSML125/MSSC_DVC/spc'
INFO:root:[Errno 17] File exists: '/home/tom/DSML125/MSSC_DVC/wetchem'
INFO:root:[Errno 17] File exists: '/home/tom/DSML125/MSSC_DVC/splits'
INFO:root:[Errno 17] File exists: '/home/tom/DSML125/MSSC_DVC/model'
INFO:root:These are the spectra 19325
INFO:root:These are the wetchem 19325
INFO:rpy2.rinterface_lib.embedded:Embedded R ended.
INFO:rpy2.rinterface_lib.embedded:Embedded R already ended.
INFO:root:[Errno 17] File exists: '/home/tom/DSML125/inputFiles/models_in_production/v2.4/splits'
INFO:root:[Errno 17] File exists: '/home/tom/DSML125/MSSC_DVC/spc'
INFO:root:[Errno 17] File exists: '/home/tom/DSML125/MSSC_DVC/wetchem'
INFO:root:[Errno 17] File exists: '/home/tom/DSML125/MSSC_DVC/splits'
INFO:root:[Errno 17] File exists: '/home/tom/DSML125/MSSC_DVC/model'
INFO:root:These are the spectra 19325
INFO:root:These are the wetchem 19325
INFO:rpy2.rinterface_lib.embedded:Embedded R ended.
INFO:rpy2.rinterface_lib.embedded:Embedded R already ended.
INFO:rpy2.rinterface_lib.embedded:Embedded R ended.
INFO:rpy2.rinterface_lib.embedded:Embedded R already ended.
INFO:rpy2.rinterface_lib.embedded:Embedded R ended.
INFO:rpy2.rinterface_lib.embedded:Embedded R already ended.
INFO:rpy2.rinterface_lib.embedded:Embedded R ended.
INFO:rpy2.rinterface_lib.embedded:Embedded R already ended.
INFO:root:[Errno 17] File exists: '/home/tom/DSML125/inputFiles/models_in_production/v2.4/splits'
INFO:root:[Errno 17] File exists: '/home/tom/DSML125/MSSC_DVC/spc'
INFO:root:[Errno 17] File exists: '/home/tom/DSML125/MSSC_DVC/wetchem'
INFO:root:[Errno 17] File exists: '/home/tom/DSML125/MSSC_DVC/splits'
INFO:root:[Errno 17] File exists: '/home/tom/DSML125/MSSC_DVC/model'
INFO:root:These are the spectra 19325
INFO:root:These are the wetchem 19325
INFO:rpy2.rinterface_lib.embedded:Embedded R ended.
INFO:rpy2.rinterface_lib.embedded:Embedded R already ended.
INFO:root:[Errno 17] File exists: '/home/tom/DSML125/inputFiles/models_in_production/v2.4/splits'
INFO:root:[Errno 17] File exists: '/home/tom/DSML125/MSSC_DVC/spc'
INFO:root:[Errno 17] File exists: '/home/tom/DSML125/MSSC_DVC/wetchem'
INFO:root:[Errno 17] File exists: '/home/tom/DSML125/MSSC_DVC/splits'
INFO:root:[Errno 17] File exists: '/home/tom/DSML125/MSSC_DVC/model'
INFO:root:These are the spectra 19325
INFO:root:These are the wetchem 19325
INFO:rpy2.rinterface_lib.embedded:Embedded R ended.
INFO:rpy2.rinterface_lib.embedded:Embedded R already ended.
INFO:root:[Errno 17] File exists: '/home/tom/DSML125/inputFiles/models_in_production/v2.4/splits'
INFO:root:[Errno 17] File exists: '/home/tom/DSML125/MSSC_DVC/spc'
INFO:root:[Errno 17] File exists: '/home/tom/DSML125/MSSC_DVC/wetchem'
INFO:root:[Errno 17] File exists: '/home/tom/DSML125/MSSC_DVC/splits'
INFO:root:[Errno 17] File exists: '/home/tom/DSML125/MSSC_DVC/model'
INFO:root:These are the spectra 19325
INFO:root:These are the wetchem 19325
INFO:rpy2.rinterface_lib.embedded:Embedded R ended.
INFO:rpy2.rinterface_lib.embedded:Embedded R already ended.
INFO:root:[Errno 17] File exists: '/home/tom/DSML125/inputFiles/models_in_production/v2.4'
INFO:root:[Errno 17] File exists: '/home/tom/DSML125/MSSC_DVC/spc'
INFO:root:[Errno 17] File exists: '/home/tom/DSML125/MSSC_DVC/wetchem'
INFO:root:[Errno 17] File exists: '/home/tom/DSML125/MSSC_DVC'
INFO:root:[Errno 17] File exists: '/home/tom/DSML125/MSSC_DVC/model'
INFO:root:These are the spectra 19325
INFO:root:These are the wetchem 19325
INFO:rpy2.rinterface_lib.embedded:Embedded R ended.
INFO:rpy2.rinterface_lib.embedded:Embedded R already ended.
INFO:rpy2.rinterface_lib.embedded:Embedded R ended.
INFO:rpy2.rinterface_lib.embedded:Embedded R already ended.
INFO:root:[Errno 17] File exists: '/home/tom/DSML125/inputFiles/models_in_production/v2.4'
INFO:root:[Errno 17] File exists: '/home/tom/DSML125/MSSC_DVC'
INFO:root:[Errno 17] File exists: '/home/tom/DSML125/MSSC_DVC/model'
INFO:root:These are the spectra 19341
INFO:root:These are the wetchem 19341
INFO:rpy2.rinterface_lib.embedded:Embedded R ended.
INFO:rpy2.rinterface_lib.embedded:Embedded R already ended.
INFO:root:[Errno 17] File exists: '/home/tom/DSML125/inputFiles/models_in_production/v2.4'
INFO:root:[Errno 17] File exists: '/home/tom/DSML125/MSSC_DVC'
INFO:root:[Errno 17] File exists: '/home/tom/DSML125/MSSC_DVC/model'
INFO:root:These are the spectra 19760
INFO:root:These are the wetchem 19760
INFO:rpy2.rinterface_lib.embedded:Embedded R ended.
INFO:rpy2.rinterface_lib.embedded:Embedded R already ended.
INFO:rpy2.rinterface_lib.embedded:Embedded R ended.
INFO:rpy2.rinterface_lib.embedded:Embedded R already ended.
INFO:root:[Errno 17] File exists: '/home/tom/DSML125/inputFiles/models_in_production/v2.4'
INFO:root:[Errno 17] File exists: '/home/tom/DSML125/MSSC_DVC'
INFO:root:[Errno 17] File exists: '/home/tom/DSML125/MSSC_DVC/model'
INFO:root:These are the spectra 19760
INFO:root:These are the wetchem 19760
INFO:rpy2.rinterface_lib.embedded:Embedded R ended.
INFO:rpy2.rinterface_lib.embedded:Embedded R already ended.
INFO:rpy2.rinterface_lib.embedded:Embedded R ended.
INFO:rpy2.rinterface_lib.embedded:Embedded R already ended.
INFO:rpy2.rinterface_lib.embedded:Embedded R ended.
INFO:rpy2.rinterface_lib.embedded:Embedded R already ended.
INFO:rpy2.rinterface_lib.embedded:Embedded R ended.
INFO:rpy2.rinterface_lib.embedded:Embedded R already ended.
INFO:rpy2.rinterface_lib.embedded:Embedded R ended.
INFO:rpy2.rinterface_lib.embedded:Embedded R already ended.
INFO:rpy2.rinterface_lib.embedded:Embedded R ended.
INFO:rpy2.rinterface_lib.embedded:Embedded R already ended.
INFO:rpy2.rinterface_lib.embedded:Embedded R ended.
INFO:rpy2.rinterface_lib.embedded:Embedded R already ended.
INFO:root:[Errno 17] File exists: '/home/tom/DSML125/inputFiles/models_in_production/v2.4'
INFO:root:[Errno 17] File exists: '/home/tom/DSML125/MSSC_DVC'
INFO:root:[Errno 17] File exists: '/home/tom/DSML125/MSSC_DVC/model'
INFO:root:These are the spectra 13885
INFO:root:These are the wetchem 13885
INFO:rpy2.rinterface_lib.embedded:Embedded R ended.
INFO:rpy2.rinterface_lib.embedded:Embedded R already ended.
INFO:root:[Errno 17] File exists: '/home/tom/DSML125/inputFiles/models_in_production/v2.4'
INFO:root:[Errno 17] File exists: '/home/tom/DSML125/MSSC_DVC'
INFO:root:[Errno 17] File exists: '/home/tom/DSML125/MSSC_DVC/model'
INFO:root:These are the spectra 13879
INFO:root:These are the wetchem 13879
INFO:rpy2.rinterface_lib.embedded:Embedded R ended.
INFO:rpy2.rinterface_lib.embedded:Embedded R already ended.
INFO:rpy2.rinterface_lib.embedded:Embedded R ended.
INFO:rpy2.rinterface_lib.embedded:Embedded R already ended.
INFO:rpy2.rinterface_lib.embedded:Embedded R ended.
INFO:rpy2.rinterface_lib.embedded:Embedded R already ended.
INFO:rpy2.rinterface_lib.embedded:Embedded R ended.
INFO:rpy2.rinterface_lib.embedded:Embedded R already ended.
INFO:rpy2.rinterface_lib.embedded:Embedded R ended.
INFO:rpy2.rinterface_lib.embedded:Embedded R already ended.
INFO:root:[Errno 17] File exists: '/home/tom/DSML125/inputFiles/models_in_production/v2.4'
INFO:root:[Errno 17] File exists: '/home/tom/DSML125/MSSC_DVC'
INFO:root:[Errno 17] File exists: '/home/tom/DSML125/MSSC_DVC/model'
INFO:root:These are the spectra 21126
INFO:root:These are the wetchem 21126
INFO:rpy2.rinterface_lib.embedded:Embedded R ended.
INFO:rpy2.rinterface_lib.embedded:Embedded R already ended.
